\BOOKMARK [0][-]{Doc-Start}{NEEM Handbook}{}% 1
\BOOKMARK [0][-]{Doc-Start}{The EASE Researchers}{}% 2
\BOOKMARK [0][-]{chapter.1}{Introduction}{}% 3
\BOOKMARK [1][-]{section*.2}{Narrative Enabled Episodic Memories}{chapter.1}% 4
\BOOKMARK [1][-]{section.1.1}{Scope}{chapter.1}% 5
\BOOKMARK [1][-]{section.1.2}{Outline}{chapter.1}% 6
\BOOKMARK [0][-]{chapter.2}{Requirements}{}% 7
\BOOKMARK [0][-]{chapter.3}{Representation}{}% 8
\BOOKMARK [1][-]{section.3.3}{NEEM-Narrative}{chapter.3}% 9
\BOOKMARK [2][-]{subsection.3.3.1}{Taxonomic classification}{section.3.3}% 10
\BOOKMARK [3][-]{section*.3}{Actions}{subsection.3.3.1}% 11
\BOOKMARK [4][-]{section*.4}{Task}{section*.3}% 12
\BOOKMARK [4][-]{section*.5}{task taxonomy}{section*.3}% 13
\BOOKMARK [4][-]{section*.6}{Motions}{section*.3}% 14
\BOOKMARK [4][-]{section*.7}{Objects}{section*.3}% 15
\BOOKMARK [4][-]{section*.8}{Roles}{section*.3}% 16
\BOOKMARK [2][-]{subsection.3.3.2}{Occurrences}{section.3.3}% 17
\BOOKMARK [2][-]{subsection.3.3.3}{Participation}{section.3.3}% 18
\BOOKMARK [2][-]{subsection.3.3.4}{Composition}{section.3.3}% 19
\BOOKMARK [2][-]{subsection.3.3.5}{Conceptual Classification}{section.3.3}% 20
\BOOKMARK [2][-]{subsection.3.3.6}{Object Properties}{section.3.3}% 21
\BOOKMARK [2][-]{subsection.3.3.7}{Object Transformation}{section.3.3}% 22
\BOOKMARK [2][-]{subsection.3.3.8}{Force Interaction}{section.3.3}% 23
\BOOKMARK [2][-]{subsection.3.3.9}{Episodes}{section.3.3}% 24
\BOOKMARK [1][-]{section.3.4}{NEEM-Experience}{chapter.3}% 25
\BOOKMARK [2][-]{subsection.3.4.1}{Pose Data}{section.3.4}% 26
\BOOKMARK [3][-]{section*.9}{Format}{subsection.3.4.1}% 27
\BOOKMARK [3][-]{section*.10}{Symbol Abstraction}{subsection.3.4.1}% 28
\BOOKMARK [0][-]{chapter.4}{Acquisition}{}% 29
\BOOKMARK [1][-]{section.4.5}{Narrative Enabled Episodic Memories for Robotic Agents}{chapter.4}% 30
\BOOKMARK [2][-]{subsection.4.5.1}{Prerequisite}{section.4.5}% 31
\BOOKMARK [2][-]{subsection.4.5.2}{Recording Narrative Enabled Episodic Memories}{section.4.5}% 32
\BOOKMARK [2][-]{subsection.4.5.3}{Data}{section.4.5}% 33
\BOOKMARK [2][-]{subsection.4.5.4}{Add Semantic Support to your Designed Plans}{section.4.5}% 34
\BOOKMARK [3][-]{section*.11}{New Tasks Definition}{subsection.4.5.4}% 35
\BOOKMARK [3][-]{section*.12}{Adding New Objects}{subsection.4.5.4}% 36
\BOOKMARK [3][-]{section*.13}{Adding New Failure}{subsection.4.5.4}% 37
\BOOKMARK [3][-]{section*.14}{Adding New Rostopic}{subsection.4.5.4}% 38
\BOOKMARK [3][-]{section*.15}{Adding New Parameters}{subsection.4.5.4}% 39
\BOOKMARK [2][-]{subsection.4.5.5}{Adding New Reasoning Tasks}{section.4.5}% 40
\BOOKMARK [1][-]{section.4.6}{Next steps}{chapter.4}% 41
\BOOKMARK [2][-]{subsection.4.6.1}{Example}{section.4.6}% 42
\BOOKMARK [1][-]{section.4.7}{VR NEEMs }{chapter.4}% 43
\BOOKMARK [0][-]{chapter.5}{NEEM-Hub}{}% 44
\BOOKMARK [1][-]{section.5.8}{Publishing}{chapter.5}% 45
\BOOKMARK [1][-]{section.5.9}{Maintaining}{chapter.5}% 46
\BOOKMARK [0][-]{chapter.6}{Application}{}% 47
\BOOKMARK [1][-]{section.6.10}{Question Answering}{chapter.6}% 48
\BOOKMARK [1][-]{section.6.11}{Machine Learning}{chapter.6}% 49
\BOOKMARK [0][-]{chapter.7}{Future Work}{}% 50
\BOOKMARK [1][-]{section.7.12}{NEEM-Experience}{chapter.7}% 51
\BOOKMARK [1][-]{section.7.13}{NEEM-Narrative}{chapter.7}% 52
\BOOKMARK [1][-]{section.G.1}{Taxonomy}{chapter.7}% 53
\BOOKMARK [2][-]{subsection.G.1.1}{Task taxonomy}{section.G.1}% 54
\BOOKMARK [3][-]{section*.16}{Communication Task}{subsection.G.1.1}% 55
\BOOKMARK [3][-]{section*.17}{Mental Task}{subsection.G.1.1}% 56
\BOOKMARK [3][-]{section*.18}{Physical Task}{subsection.G.1.1}% 57
\BOOKMARK [2][-]{subsection.G.1.2}{Motion taxonomy}{section.G.1}% 58
\BOOKMARK [2][-]{subsection.G.1.3}{Object taxonomy}{section.G.1}% 59
\BOOKMARK [2][-]{subsection.G.1.4}{Role taxonomy}{section.G.1}% 60
\BOOKMARK [1][-]{section*.19}{References}{chapter.7}% 61
